#
# There is insufficient memory for the Java Runtime Environment to continue.
# Native memory allocation (mmap) failed to map 2097152 bytes for G1 virtual space
# Possible reasons:
#   The system is out of physical RAM or swap space
#   The process is running with CompressedOops enabled, and the Java Heap may be blocking the growth of the native heap
# Possible solutions:
#   Reduce memory load on the system
#   Increase physical memory or swap space
#   Check if swap backing store is full
#   Decrease Java heap size (-Xmx/-Xms)
#   Decrease number of Java threads
#   Decrease Java thread stack sizes (-Xss)
#   Set larger code cache with -XX:ReservedCodeCacheSize=
#   JVM is running with Unscaled Compressed Oops mode in which the Java heap is
#     placed in the first 4GB address space. The Java Heap base address is the
#     maximum limit for the native heap growth. Please use -XX:HeapBaseMinAddress
#     to set the Java Heap base and to place the Java Heap above 4GB virtual address.
# This output file may be truncated or incomplete.
#
#  Out of Memory Error (os_windows.cpp:3530), pid=11668, tid=8756
#
# JRE version:  (18.0.2.1+1) (build )
# Java VM: OpenJDK 64-Bit Server VM (18.0.2.1+1-1, mixed mode, emulated-client, sharing, tiered, compressed oops, compressed class ptrs, g1 gc, windows-amd64)
# No core dump will be written. Minidumps are not enabled by default on client versions of Windows
#

---------------  S U M M A R Y ------------

Command Line: -XX:TieredStopAtLevel=1 -Dspring.output.ansi.enabled=always -Dcom.sun.management.jmxremote -Dspring.jmx.enabled=true -Dspring.liveBeansView.mbeanDomain -Dspring.application.admin.enabled=true -javaagent:C:\Program Files\JetBrains\IntelliJ IDEA 2022.2.1\lib\idea_rt.jar=53266:C:\Program Files\JetBrains\IntelliJ IDEA 2022.2.1\bin -Dfile.encoding=UTF-8 -Dsun.stdout.encoding=UTF-8 -Dsun.stderr.encoding=UTF-8 ru.kata.spring.boot_security.demo.SpringBootSecurityDemoApplication

Host: Intel(R) Core(TM) i5-8250U CPU @ 1.60GHz, 8 cores, 7G,  Windows 10 , 64 bit Build 19041 (10.0.19041.2546)
Time: Mon Feb 27 22:03:21 2023  Windows 10 , 64 bit Build 19041 (10.0.19041.2546) elapsed time: 0.023599 seconds (0d 0h 0m 0s)

---------------  T H R E A D  ---------------

Current thread (0x000002288f0b0000):  JavaThread "Unknown thread" [_thread_in_vm, id=8756, stack(0x000000f9f3b00000,0x000000f9f3c00000)]

Stack: [0x000000f9f3b00000,0x000000f9f3c00000]
Native frames: (J=compiled Java code, j=interpreted, Vv=VM code, C=native code)
V  [jvm.dll+0x6993aa]
V  [jvm.dll+0x7f46dd]
V  [jvm.dll+0x7f5fee]
V  [jvm.dll+0x7f66a3]
V  [jvm.dll+0x25cf1f]
V  [jvm.dll+0x6962f9]
V  [jvm.dll+0x68ae2a]
V  [jvm.dll+0x32255b]
V  [jvm.dll+0x329f36]
V  [jvm.dll+0x37eaf3]
V  [jvm.dll+0x37ed0f]
V  [jvm.dll+0x2fa2da]
V  [jvm.dll+0x2fb33d]
V  [jvm.dll+0x7c3310]
V  [jvm.dll+0x38be61]
V  [jvm.dll+0x7a2023]
V  [jvm.dll+0x40dc3f]
V  [jvm.dll+0x40f611]
C  [jli.dll+0x526b]
C  [ucrtbase.dll+0x21bb2]
C  [KERNEL32.DLL+0x17614]
C  [ntdll.dll+0x526a1]


---------------  P R O C E S S  ---------------

Threads class SMR info:
_java_thread_list=0x00007ff9c8cee550, length=0, elements={
}

Java Threads: ( => current thread )

Other Threads:
  0x000002288f10df30 WorkerThread "GC Thread#0" [stack: 0x000000f9f3c00000,0x000000f9f3d00000] [id=476]
  0x000002288f11eae0 ConcurrentGCThread "G1 Main Marker" [stack: 0x000000f9f3d00000,0x000000f9f3e00000] [id=5124]
  0x000002288f11fc70 WorkerThread "G1 Conc#0" [stack: 0x000000f9f3e00000,0x000000f9f3f00000] [id=20904]

[error occurred during error reporting (printing all threads), id 0xc0000005, EXCEPTION_ACCESS_VIOLATION (0xc0000005) at pc=0x00007ff9c851a877]

VM state: not at safepoint (not fully initialized)

VM Mutex/Monitor currently owned by a thread:  ([mutex/lock_event])
[0x000002288f0aa610] Heap_lock - owner thread: 0x000002288f0b0000

Heap address: 0x0000000081c00000, size: 2020 MB, Compressed Oops mode: 32-bit

CDS archive(s) mapped at: [0x0000000000000000-0x0000000000000000-0x0000000000000000), size 0, SharedBaseAddress: 0x0000000800000000, ArchiveRelocationMode: 0.
Narrow klass base: 0x0000000000000000, Narrow klass shift: 0, Narrow klass range: 0x0

GC Precious Log:
 CardTable entry size: 512
 Card Set container configuration: InlinePtr #cards 5 size 8 Array Of Cards #cards 12 size 40 Howl #buckets 4 coarsen threshold 1843 Howl Bitmap #cards 512 size 80 coarsen threshold 460 Card regions per heap region 1 cards per card region 2048

Heap:
 garbage-first heap   total 0K, used 0K [0x0000000081c00000, 0x0000000100000000)
  region size 1024K, 0 young (0K), 0 survivors (0K)

[error occurred during error reporting (printing heap information), id 0xc0000005, EXCEPTION_ACCESS_VIOLATION (0xc0000005) at pc=0x00007ff9c8901839]

GC Heap History (0 events):
No events

Deoptimization events (0 events):
No events

Classes loaded (0 events):
No events

Classes unloaded (0 events):
No events

Classes redefined (0 events):
No events

Internal exceptions (0 events):
No events

VM Operations (0 events):
No events

Events (1 events):
Event: 0.015 Loaded shared library C:\Users\Mur Mur\.jdks\openjdk-18.0.2.1\bin\java.dll


Dynamic libraries:
0x00007ff69fef0000 - 0x00007ff69fefe000 	C:\Users\Mur Mur\.jdks\openjdk-18.0.2.1\bin\java.exe
0x00007ffa02010000 - 0x00007ffa02208000 	C:\Windows\SYSTEM32\ntdll.dll
0x00007ffa018d0000 - 0x00007ffa0198f000 	C:\Windows\System32\KERNEL32.DLL
0x00007ff9ffa30000 - 0x00007ff9ffd02000 	C:\Windows\System32\KERNELBASE.dll
0x00007ff9fff50000 - 0x00007ffa00050000 	C:\Windows\System32\ucrtbase.dll
0x00007ff9ef5a0000 - 0x00007ff9ef5b7000 	C:\Users\Mur Mur\.jdks\openjdk-18.0.2.1\bin\jli.dll
0x00007ff9faee0000 - 0x00007ff9faefa000 	C:\Users\Mur Mur\.jdks\openjdk-18.0.2.1\bin\VCRUNTIME140.dll
0x00007ffa01a10000 - 0x00007ffa01bb1000 	C:\Windows\System32\USER32.dll
0x00007ff9ff770000 - 0x00007ff9ff792000 	C:\Windows\System32\win32u.dll
0x00007ffa01540000 - 0x00007ffa0156b000 	C:\Windows\System32\GDI32.dll
0x00007ff9ffd60000 - 0x00007ff9ffe6f000 	C:\Windows\System32\gdi32full.dll
0x00007ff9ff990000 - 0x00007ff9ffa2d000 	C:\Windows\System32\msvcp_win.dll
0x00007ff9fe380000 - 0x00007ff9fe61a000 	C:\Windows\WinSxS\amd64_microsoft.windows.common-controls_6595b64144ccf1df_6.0.19041.1110_none_60b5254171f9507e\COMCTL32.dll
0x00007ffa01d30000 - 0x00007ffa01dce000 	C:\Windows\System32\msvcrt.dll
0x00007ffa01bc0000 - 0x00007ffa01bf2000 	C:\Windows\System32\IMM32.DLL
0x00007ff9fcbd0000 - 0x00007ff9fcbdc000 	C:\Users\Mur Mur\.jdks\openjdk-18.0.2.1\bin\vcruntime140_1.dll
0x00007ff9d7e00000 - 0x00007ff9d7e8d000 	C:\Users\Mur Mur\.jdks\openjdk-18.0.2.1\bin\msvcp140.dll
0x00007ff9c8210000 - 0x00007ff9c8e21000 	C:\Users\Mur Mur\.jdks\openjdk-18.0.2.1\bin\server\jvm.dll
0x00007ffa01f20000 - 0x00007ffa01fce000 	C:\Windows\System32\ADVAPI32.dll
0x00007ffa00130000 - 0x00007ffa001cc000 	C:\Windows\System32\sechost.dll
0x00007ffa002a0000 - 0x00007ffa003c5000 	C:\Windows\System32\RPCRT4.dll
0x00007ffa01a00000 - 0x00007ffa01a08000 	C:\Windows\System32\PSAPI.DLL
0x00007ff9e93e0000 - 0x00007ff9e93e9000 	C:\Windows\SYSTEM32\WSOCK32.dll
0x00007ff9fdbb0000 - 0x00007ff9fdbd7000 	C:\Windows\SYSTEM32\WINMM.dll
0x00007ffa01990000 - 0x00007ffa019fb000 	C:\Windows\System32\WS2_32.dll
0x00007ff9f8550000 - 0x00007ff9f855a000 	C:\Windows\SYSTEM32\VERSION.dll
0x00007ff9fd2b0000 - 0x00007ff9fd2c2000 	C:\Windows\SYSTEM32\kernel.appcore.dll
0x00007ff9faf10000 - 0x00007ff9faf1a000 	C:\Users\Mur Mur\.jdks\openjdk-18.0.2.1\bin\jimage.dll
0x00007ff9ecc30000 - 0x00007ff9ece14000 	C:\Windows\SYSTEM32\DBGHELP.DLL
0x00007ff9ecaa0000 - 0x00007ff9ecad5000 	C:\Windows\SYSTEM32\dbgcore.DLL
0x00007ff9ff900000 - 0x00007ff9ff982000 	C:\Windows\System32\bcryptPrimitives.dll
0x00007ff9fb0b0000 - 0x00007ff9fb0be000 	C:\Users\Mur Mur\.jdks\openjdk-18.0.2.1\bin\instrument.dll
0x00007ff9e3fa0000 - 0x00007ff9e3fc5000 	C:\Users\Mur Mur\.jdks\openjdk-18.0.2.1\bin\java.dll

dbghelp: loaded successfully - version: 4.0.5 - missing functions: none
symbol engine: initialized successfully - sym options: 0x614 - pdb path: .;C:\Users\Mur Mur\.jdks\openjdk-18.0.2.1\bin;C:\Windows\SYSTEM32;C:\Windows\WinSxS\amd64_microsoft.windows.common-controls_6595b64144ccf1df_6.0.19041.1110_none_60b5254171f9507e;C:\Users\Mur Mur\.jdks\openjdk-18.0.2.1\bin\server

VM Arguments:
jvm_args: -XX:TieredStopAtLevel=1 -Dspring.output.ansi.enabled=always -Dcom.sun.management.jmxremote -Dspring.jmx.enabled=true -Dspring.liveBeansView.mbeanDomain -Dspring.application.admin.enabled=true -javaagent:C:\Program Files\JetBrains\IntelliJ IDEA 2022.2.1\lib\idea_rt.jar=53266:C:\Program Files\JetBrains\IntelliJ IDEA 2022.2.1\bin -Dfile.encoding=UTF-8 -Dsun.stdout.encoding=UTF-8 -Dsun.stderr.encoding=UTF-8 
java_command: ru.kata.spring.boot_security.demo.SpringBootSecurityDemoApplication
java_class_path (initial): D:\projects\PP_now\target\classes;C:\Users\Mur Mur\.m2\repository\org\springframework\boot\spring-boot-starter-thymeleaf\2.6.2\spring-boot-starter-thymeleaf-2.6.2.jar;C:\Users\Mur Mur\.m2\repository\org\springframework\boot\spring-boot-starter\2.6.2\spring-boot-starter-2.6.2.jar;C:\Users\Mur Mur\.m2\repository\org\springframework\boot\spring-boot\2.6.2\spring-boot-2.6.2.jar;C:\Users\Mur Mur\.m2\repository\org\springframework\boot\spring-boot-autoconfigure\2.6.2\spring-boot-autoconfigure-2.6.2.jar;C:\Users\Mur Mur\.m2\repository\org\springframework\boot\spring-boot-starter-logging\2.6.2\spring-boot-starter-logging-2.6.2.jar;C:\Users\Mur Mur\.m2\repository\ch\qos\logback\logback-classic\1.2.9\logback-classic-1.2.9.jar;C:\Users\Mur Mur\.m2\repository\ch\qos\logback\logback-core\1.2.9\logback-core-1.2.9.jar;C:\Users\Mur Mur\.m2\repository\org\apache\logging\log4j\log4j-to-slf4j\2.17.0\log4j-to-slf4j-2.17.0.jar;C:\Users\Mur Mur\.m2\repository\org\apache\logging\log4j\log4j-api\2.17.0\log4j-api-2.17.0.jar;C:\Users\Mur Mur\.m2\repository\org\slf4j\jul-to-slf4j\1.7.32\jul-to-slf4j-1.7.32.jar;C:\Users\Mur Mur\.m2\repository\jakarta\annotation\jakarta.annotation-api\1.3.5\jakarta.annotation-api-1.3.5.jar;C:\Users\Mur Mur\.m2\repository\org\yaml\snakeyaml\1.29\snakeyaml-1.29.jar;C:\Users\Mur Mur\.m2\repository\org\thymeleaf\thymeleaf-spring5\3.0.14.RELEASE\thymeleaf-spring5-3.0.14.RELEASE.jar;C:\Users\Mur Mur\.m2\repository\org\thymeleaf\thymeleaf\3.0.14.RELEASE\thymeleaf-3.0.14.RELEASE.jar;C:\Users\Mur Mur\.m2\repository\org\attoparser\attoparser\2.0.5.RELEASE\attoparser-2.0.5.RELEASE.jar;C:\Users\Mur Mur\.m2\repository\org\unbescape\unbescape\1.1.6.RELEASE\unbescape-1.1.6.RELEASE.jar;C:\Users\Mur Mur\.m2\repository\org\slf4j\slf4j-api\1.7.32\slf4j-api-1.7.32.jar;C:\Users\Mur Mur\.m2\repository\org\thymeleaf\extras\thymeleaf-extras-java8time\3.0.4.RELEASE\thymeleaf-extras-java8time-3.0.4.RELEASE.jar;C:\Users\Mur Mur\.m2\repository\org\springframework\boot\spring-boot-starter-web\2.6.2\spring-boot-starter-web-2.6.2.jar;C:\Users\Mur Mur\.m2\repository\org\springframework\boot\spring-boot-starter-json\2.6.2\spring-boot-starter-json-2.6.2.jar;C:\Users\Mur Mur\.m2\repository\com\fasterxml\jackson\core\jackson-databind\2.13.1\jackson-databind-2.13.1.jar;C:\Users\Mur Mur\.m2\repository\com\fasterxml\jackson\core\jackson-annotations\2.13.1\jackson-annotations-2.13.1.jar;C:\Users\Mur Mur\.m2\repository\com\fasterxml\jackson\core\jackson-core\2.13.1\jackson-core-2.13.1.jar;C:\Users\Mur Mur\.m2\repository\com\fasterxml\jackson\datatype\jackson-datatype-jdk8\2.13.1\jackson-datatype-jdk8-2.13.1.jar;C:\Users\Mur Mur\.m2\repository\com\fasterxml\jackson\datatype\jackson-datatype-jsr310\2.13.1\jackson-datatype-jsr310-2.13.1.jar;C:\Users\Mur Mur\.m2\repository\com\fasterxml\jackson\module\jackson-module-parameter-names\2.13.1\jackson-module-parameter-names-2.13.1.jar;C:\Users\Mur Mur\.m2\repository\org\springframework\boot\spring-boot-starter-tomcat\2.6.2\spring-boot-starter-tomcat-2.6.2.jar;C:\Users\Mur Mur\.m2\repository\org\apache\tomcat\embed\tomcat-embed-core\9.0.56\tomcat-embed-core-9.0.56.jar;C:\Users\Mur Mur\.m2\repository\org\apache\tomcat\embed\tomcat-embed-el\9.0.56\tomcat-embed-el-9.0.56.jar;C:\Users\Mur Mur\.m2\repository\org\apache\tomcat\embed\tomcat-embed-websocket\9.0.56\tomcat-embed-websocket-9.0.56.jar;C:\Users\Mur Mur\.m2\repository\org\springframework\spring-web\5.3.14\spring-web-5.3.14.jar;C:\Users\Mur Mur\.m2\repository\org\springframework\spring-beans\5.3.14\spring-beans-5.3.14.jar;C:\Users\Mur Mur\.m2\repository\org\springframework\spring-webmvc\5.3.14\spring-webmvc-5.3.14.jar;C:\Users\Mur Mur\.m2\repository\org\springframework\spring-context\5.3.14\spring-context-5.3.14.jar;C:\Users\Mur Mur\.m2\repository\org\springframework\spring-expression\5.3.14\spring-expression-5.3.14.jar;C:\Users\Mur Mur\.m2\repository\jakarta\xml\bind\jakarta.xml.bind-api\2.3.3\jakarta.xml.bind-api-2.3.3.jar;C:\Users\Mur Mur\.m2\repository\jakarta\activation\jakarta.activation-api\1.2.2\jakarta.activation-api-1.2.2.jar;C:\Users\Mur Mur\.m2\repository\net\bytebuddy\byte-buddy\1.11.22\byte-buddy-1.11.22.jar;C:\Users\Mur Mur\.m2\repository\org\springframework\spring-core\5.3.14\spring-core-5.3.14.jar;C:\Users\Mur Mur\.m2\repository\org\springframework\spring-jcl\5.3.14\spring-jcl-5.3.14.jar;C:\Users\Mur Mur\.m2\repository\org\springframework\boot\spring-boot-starter-security\2.6.2\spring-boot-starter-security-2.6.2.jar;C:\Users\Mur Mur\.m2\repository\org\springframework\spring-aop\5.3.14\spring-aop-5.3.14.jar;C:\Users\Mur Mur\.m2\repository\org\springframework\security\spring-security-config\5.6.1\spring-security-config-5.6.1.jar;C:\Users\Mur Mur\.m2\repository\org\springframework\security\spring-security-web\5.6.1\spring-security-web-5.6.1.jar;C:\Users\Mur Mur\.m2\repository\org\springframework\security\spring-security-core\5.6.1\spring-security-core-5.6.1.jar;C:\Users\Mur Mur\.m2\repository\org\springframework\security\spring-security-crypto\5.6.1\spring-security-crypto-5.6.1.jar;C:\Users\Mur Mur\.m2\repository\mysql\mysql-connector-java\8.0.27\mysql-connector-java-8.0.27.jar;C:\Users\Mur Mur\.m2\repository\org\springframework\boot\spring-boot-starter-data-jpa\2.6.2\spring-boot-starter-data-jpa-2.6.2.jar;C:\Users\Mur Mur\.m2\repository\org\springframework\boot\spring-boot-starter-aop\2.6.2\spring-boot-starter-aop-2.6.2.jar;C:\Users\Mur Mur\.m2\repository\org\aspectj\aspectjweaver\1.9.7\aspectjweaver-1.9.7.jar;C:\Users\Mur Mur\.m2\repository\org\springframework\boot\spring-boot-starter-jdbc\2.6.2\spring-boot-starter-jdbc-2.6.2.jar;C:\Users\Mur Mur\.m2\repository\com\zaxxer\HikariCP\4.0.3\HikariCP-4.0.3.jar;C:\Users\Mur Mur\.m2\repository\org\springframework\spring-jdbc\5.3.14\spring-jdbc-5.3.14.jar;C:\Users\Mur Mur\.m2\repository\jakarta\transaction\jakarta.transaction-api\1.3.3\jakarta.transaction-api-1.3.3.jar;C:\Users\Mur Mur\.m2\repository\jakarta\persistence\jakarta.persistence-api\2.2.3\jakarta.persistence-api-2.2.3.jar;C:\Users\Mur Mur\.m2\repository\org\hibernate\hibernate-core\5.6.3.Final\hibernate-core-5.6.3.Final.jar;C:\Users\Mur Mur\.m2\repository\org\jboss\logging\jboss-logging\3.4.2.Final\jboss-logging-3.4.2.Final.jar;C:\Users\Mur Mur\.m2\repository\antlr\antlr\2.7.7\antlr-2.7.7.jar;C:\Users\Mur Mur\.m2\repository\org\jboss\jandex\2.2.3.Final\jandex-2.2.3.Final.jar;C:\Users\Mur Mur\.m2\repository\com\fasterxml\classmate\1.5.1\classmate-1.5.1.jar;C:\Users\Mur Mur\.m2\repository\org\hibernate\common\hibernate-commons-annotations\5.1.2.Final\hibernate-commons-annotations-5.1.2.Final.jar;C:\Users\Mur Mur\.m2\repository\org\glassfish\jaxb\jaxb-runtime\2.3.5\jaxb-runtime-2.3.5.jar;C:\Users\Mur Mur\.m2\repository\org\glassfish\jaxb\txw2\2.3.5\txw2-2.3.5.jar;C:\Users\Mur Mur\.m2\repository\com\sun\istack\istack-commons-runtime\3.0.12\istack-commons-runtime-3.0.12.jar;C:\Users\Mur Mur\.m2\repository\com\sun\activation\jakarta.activation\1.2.2\jakarta.activation-1.2.2.jar;C:\Users\Mur Mur\.m2\repository\org\springframework\data\spring-data-jpa\2.6.0\spring-data-jpa-2.6.0.jar;C:\Users\Mur Mur\.m2\repository\org\springframework\data\spring-data-commons\2.6.0\spring-data-commons-2.6.0.jar;C:\Users\Mur Mur\.m2\repository\org\springframework\spring-orm\5.3.14\spring-orm-5.3.14.jar;C:\Users\Mur Mur\.m2\repository\org\springframework\spring-tx\5.3.14\spring-tx-5.3.14.jar;C:\Users\Mur Mur\.m2\repository\org\springframework\spring-aspects\5.3.14\spring-aspects-5.3.14.jar;C:\Users\Mur Mur\.m2\repository\org\postgresql\postgresql\42.5.1\postgresql-42.5.1.jar;C:\Users\Mur Mur\.m2\repository\org\checkerframework\checker-qual\3.5.0\checker-qual-3.5.0.jar
Launcher Type: SUN_STANDARD

[Global flags]
     intx CICompilerCount                          = 4                                         {product} {ergonomic}
     uint ConcGCThreads                            = 2                                         {product} {ergonomic}
     uint G1ConcRefinementThreads                  = 8                                         {product} {ergonomic}
   size_t G1HeapRegionSize                         = 1048576                                   {product} {ergonomic}
    uintx GCDrainStackTargetSize                   = 64                                        {product} {ergonomic}
   size_t InitialHeapSize                          = 134217728                                 {product} {ergonomic}
     bool ManagementServer                         = true                                      {product} {command line}
   size_t MarkStackSize                            = 4194304                                   {product} {ergonomic}
   size_t MaxHeapSize                              = 2118123520                                {product} {ergonomic}
   size_t MinHeapDeltaBytes                        = 1048576                                   {product} {ergonomic}
   size_t MinHeapSize                              = 8388608                                   {product} {ergonomic}
    uintx NonProfiledCodeHeapSize                  = 0                                      {pd product} {ergonomic}
     bool ProfileInterpreter                       = false                                  {pd product} {command line}
    uintx ProfiledCodeHeapSize                     = 0                                      {pd product} {ergonomic}
   size_t SoftMaxHeapSize                          = 2118123520                             {manageable} {ergonomic}
     intx TieredStopAtLevel                        = 1                                         {product} {command line}
     bool UseCompressedClassPointers               = true                           {product lp64_product} {ergonomic}
     bool UseCompressedOops                        = true                           {product lp64_product} {ergonomic}
     bool UseG1GC                                  = true                                      {product} {ergonomic}
     bool UseLargePagesIndividualAllocation        = false                                  {pd product} {ergonomic}

Logging:
Log output configuration:
 #0: stdout all=warning uptime,level,tags foldmultilines=false
 #1: stderr all=off uptime,level,tags foldmultilines=false

Environment Variables:
JAVA_HOME=C:\Users\Mur Mur\.jdks\openjdk-18.0.2.1
PATH=C:\Program Files\BellSoft\LibericaJDK-11\bin\;C:\Windows\system32;C:\Windows;C:\Windows\System32\Wbem;C:\Windows\System32\WindowsPowerShell\v1.0\;C:\Windows\System32\OpenSSH\;C:\Program Files\dotnet\;C:\Program Files\PostgreSQL\14\bin;C:\Program Files\apache-maven-3.9.0-bin\apache-maven-3.9.0\bin;C:\Program Files\Git\cmd;C:\Program Files (x86)\dotnet\;C:\Users\Mur Mur\AppData\Local\Microsoft\WindowsApps;C:\Users\Mur Mur\AppData\Local\GitHubDesktop\bin;C:\Program Files (x86)\Brackets\;C:\Program Files\apache-maven-3.9.0-bin\apache-maven-3.9.0\bin;
USERNAME=Mur Mur
OS=Windows_NT
PROCESSOR_IDENTIFIER=Intel64 Family 6 Model 142 Stepping 10, GenuineIntel



---------------  S Y S T E M  ---------------

OS:
 Windows 10 , 64 bit Build 19041 (10.0.19041.2546)
OS uptime: 5 days 6:58 hours

CPU: total 8 (initial active 8) (4 cores per cpu, 2 threads per core) family 6 model 142 stepping 10 microcode 0xb4, cx8, cmov, fxsr, ht, mmx, 3dnowpref, sse, sse2, sse3, ssse3, sse4.1, sse4.2, popcnt, lzcnt, tsc, tscinvbit, avx, avx2, aes, erms, clmul, bmi1, bmi2, adx, fma, vzeroupper, clflush, clflushopt

Memory: 4k page, system-wide physical 8075M (496M free)
TotalPageFile size 26361M (AvailPageFile size 3M)
current process WorkingSet (physical memory assigned to process): 10M, peak: 10M
current process commit charge ("private bytes"): 183M, peak: 185M

vm_info: OpenJDK 64-Bit Server VM (18.0.2.1+1-1) for windows-amd64 JRE (18.0.2.1+1-1), built on Aug 16 2022 01:44:29 by "mach5one" with MS VC++ 16.8 / 16.9 (VS2019)

END.
